<?xml version="1.0" encoding="UTF-8"?>
<testsuite xmlns:xsi="http://www.w3.org/2001/XMLSchema-instance" xsi:noNamespaceSchemaLocation="https://maven.apache.org/surefire/maven-surefire-plugin/xsd/surefire-test-report-3.0.xsd" version="3.0" name="com.example.CalculationTest" time="0.065" tests="7" errors="0" skipped="0" failures="0">
  <properties>
[...]
</properties>
  <testcase name="testAdditionOperation" classname="com.example.CalculationTest" time="0.009">
    <system-out><![CDATA[Test passed
]]></system-out>
  </testcase>
  <testcase name="testTriangle" classname="com.example.CalculationTest" time="0.001">
    <system-out><![CDATA[Test passed
]]></system-out>
  </testcase>
  <testcase name="testSubtractionOperation" classname="com.example.CalculationTest" time="0.004">
    <system-out><![CDATA[Test passed
]]></system-out>
  </testcase>
  <testcase name="testMultiplicationOperation" classname="com.example.CalculationTest" time="0.001">
    <system-out><![CDATA[Test passed
]]></system-out>
  </testcase>
  <testcase name="testDivisionOperation" classname="com.example.CalculationTest" time="0.0">
    <system-out><![CDATA[Test passed
]]></system-out>
  </testcase>
  <testcase name="testCircle" classname="com.example.CalculationTest" time="0.0">
    <system-out><![CDATA[Test passed
]]></system-out>
  </testcase>
  <testcase name="testRectangle" classname="com.example.CalculationTest" time="0.0">
    <system-out><![CDATA[Test passed
]]></system-out>
  </testcase>
</testsuite>